<?xml version="1.0" encoding="UTF-8"?>
<coverage generated="1667877935860" clover="3.2.0">
  <project timestamp="1667877935860" name="All files">
    <metrics statements="2" coveredstatements="2" conditionals="2" coveredconditionals="2" methods="2" coveredmethods="2" elements="6" coveredelements="6" complexity="0" loc="2" ncloc="2" packages="1" files="1" classes="1"/>
    <file name="index.ts" path="/Users/zhanghanling/Desktop/源码漫游记/source/packages/utils/src/index.ts">
      <metrics statements="2" coveredstatements="2" conditionals="2" coveredconditionals="2" methods="2" coveredmethods="2"/>
      <line num="2" count="2" type="stmt"/>
      <line num="6" count="1" type="cond" truecount="2" falsecount="0"/>
    </file>
  </project>
</coverage>
