{"/Users/zhanghanling/Desktop/源码漫游记/source/packages/utils/src/index.ts": {"path":"/Users/zhanghanling/Desktop/源码漫游记/source/packages/utils/src/index.ts","statementMap":{"0":{"start":{"line":2,"column":2},"end":{"line":2,"column":null}},"1":{"start":{"line":6,"column":2},"end":{"line":6,"column":null}}},"fnMap":{"0":{"name":"isObject","decl":{"start":{"line":1,"column":16},"end":{"line":1,"column":25}},"loc":{"start":{"line":1,"column":35},"end":{"line":3,"column":null}}},"1":{"name":"isOn","decl":{"start":{"line":5,"column":16},"end":{"line":5,"column":21}},"loc":{"start":{"line":5,"column":34},"end":{"line":7,"column":null}}}},"branchMap":{"0":{"loc":{"start":{"line":6,"column":9},"end":{"line":6,"column":null}},"type":"binary-expr","locations":[{"start":{"line":6,"column":9},"end":{"line":6,"column":27}},{"start":{"line":6,"column":27},"end":{"line":6,"column":null}}]}},"s":{"0":2,"1":1},"f":{"0":2,"1":1},"b":{"0":[1,1]}}
}
